<?xml version="1.0" encoding="UTF-8"?>
<!-- Generated by org.testng.reporters.JUnitReportReporter -->
<testsuite hostname="Hariss-MacBook-Pro.local" failures="0" tests="1" name="com.expedia.FlightPageTest" time="3.209" errors="0" timestamp="17 Apr 2018 17:37:52 GMT" skipped="0">
  <testcase classname="com.expedia.FlightPageTest" name="test" time="3.209"/>
</testsuite> <!-- com.expedia.FlightPageTest -->
