<?xml version="1.0" encoding="UTF-8"?>
<!-- Generated by org.testng.reporters.JUnitReportReporter -->
<testsuite hostname="Hariss-MacBook-Pro.local" failures="0" tests="3" name="com.expedia.TestNG_grouping" time="0.006" errors="0" timestamp="17 Apr 2018 17:39:56 GMT" skipped="0">
  <testcase classname="com.expedia.TestNG_grouping" name="testMercedes" time="0.002"/>
  <testcase classname="com.expedia.TestNG_grouping" name="testBmw" time="0.001"/>
  <testcase classname="com.expedia.TestNG_grouping" name="testAudii" time="0.003"/>
</testsuite> <!-- com.expedia.TestNG_grouping -->
