<?xml version="1.0" encoding="UTF-8"?>
<!-- Generated by org.testng.reporters.JUnitReportReporter -->
<testsuite hostname="Hariss-MacBook-Pro.local" failures="0" tests="1" name="extendReports.seleniumLoginTutorial" time="8.049" errors="0" timestamp="22 Mar 2018 20:24:08 GMT" skipped="0">
  <testcase classname="extendReports.seleniumLoginTutorial" name="testLogin" time="8.049"/>
</testsuite> <!-- extendReports.seleniumLoginTutorial -->
